# JRE version: OpenJDK Runtime Environment (8.0_152-b08) (build 1.8.0_152-release-915-b08)
# Java VM: OpenJDK 64-Bit Server VM (25.152-b08 mixed mode bsd-amd64 compressed oops)
Heap:
 PSYoungGen      total 455168K, used 62962K [0x00000007a0000000, 0x00000007c0000000, 0x00000007c0000000)
  eden space 392192K, 0% used [0x00000007a0000000,0x00000007a0000000,0x00000007b7f00000)
  from space 62976K, 99% used [0x00000007b7f00000,0x00000007bbc7c9d8,0x00000007bbc80000)
  to   space 69120K, 0% used [0x00000007bbc80000,0x00000007bbc80000,0x00000007c0000000)
 ParOldGen       total 327168K, used 318408K [0x0000000760000000, 0x0000000773f80000, 0x00000007a0000000)
  object space 327168K, 97% used [0x0000000760000000,0x00000007736f20b0,0x0000000773f80000)
 Metaspace       used 127509K, capacity 140332K, committed 140492K, reserved 1171456K
  class space    used 15731K, capacity 18572K, committed 18636K, reserved 1048576K
GC Heap History (10 events):
Event: 10922.102 GC heap after
Heap after GC invocations=94 (full 5):
 PSYoungGen      total 452608K, used 5168K [0x00000007a0000000, 0x00000007bfb80000, 0x00000007c0000000)
  eden space 391680K, 0% used [0x00000007a0000000,0x00000007a0000000,0x00000007b7e80000)
  from space 60928K, 8% used [0x00000007b7e80000,0x00000007b838c010,0x00000007bba00000)
  to   space 59392K, 0% used [0x00000007bc180000,0x00000007bc180000,0x00000007bfb80000)
 ParOldGen       total 327168K, used 304086K [0x0000000760000000, 0x0000000773f80000, 0x00000007a0000000)
  object space 327168K, 92% used [0x0000000760000000,0x00000007728f5b40,0x0000000773f80000)
 Metaspace       used 127372K, capacity 140064K, committed 140236K, reserved 1171456K
  class space    used 15718K, capacity 18530K, committed 18636K, reserved 1048576K
}
Event: 10923.874 GC heap before
{Heap before GC invocations=95 (full 5):
 PSYoungGen      total 452608K, used 396848K [0x00000007a0000000, 0x00000007bfb80000, 0x00000007c0000000)
  eden space 391680K, 100% used [0x00000007a0000000,0x00000007b7e80000,0x00000007b7e80000)
  from space 60928K, 8% used [0x00000007b7e80000,0x00000007b838c010,0x00000007bba00000)
  to   space 59392K, 0% used [0x00000007bc180000,0x00000007bc180000,0x00000007bfb80000)
 ParOldGen       total 327168K, used 304086K [0x0000000760000000, 0x0000000773f80000, 0x00000007a0000000)
  object space 327168K, 92% used [0x0000000760000000,0x00000007728f5b40,0x0000000773f80000)
 Metaspace       used 127380K, capacity 140064K, committed 140236K, reserved 1171456K
  class space    used 15718K, capacity 18530K, committed 18636K, reserved 1048576K
Event: 10923.959 GC heap after
Heap after GC invocations=95 (full 5):
 PSYoungGen      total 449536K, used 49222K [0x00000007a0000000, 0x00000007c0000000, 0x00000007c0000000)
  eden space 390144K, 0% used [0x00000007a0000000,0x00000007a0000000,0x00000007b7d00000)
  from space 59392K, 82% used [0x00000007bc180000,0x00000007bf191b28,0x00000007bfb80000)
  to   space 67072K, 0% used [0x00000007b7d00000,0x00000007b7d00000,0x00000007bbe80000)
 ParOldGen       total 327168K, used 308818K [0x0000000760000000, 0x0000000773f80000, 0x00000007a0000000)
  object space 327168K, 94% used [0x0000000760000000,0x0000000772d94860,0x0000000773f80000)
 Metaspace       used 127380K, capacity 140064K, committed 140236K, reserved 1171456K
  class space    used 15718K, capacity 18530K, committed 18636K, reserved 1048576K
}
Event: 10925.957 GC heap before
{Heap before GC invocations=96 (full 5):
 PSYoungGen      total 449536K, used 439366K [0x00000007a0000000, 0x00000007c0000000, 0x00000007c0000000)
  eden space 390144K, 100% used [0x00000007a0000000,0x00000007b7d00000,0x00000007b7d00000)
  from space 59392K, 82% used [0x00000007bc180000,0x00000007bf191b28,0x00000007bfb80000)
  to   space 67072K, 0% used [0x00000007b7d00000,0x00000007b7d00000,0x00000007bbe80000)
 ParOldGen       total 327168K, used 308818K [0x0000000760000000, 0x0000000773f80000, 0x00000007a0000000)
  object space 327168K, 94% used [0x0000000760000000,0x0000000772d94860,0x0000000773f80000)
 Metaspace       used 127391K, capacity 140064K, committed 140236K, reserved 1171456K
  class space    used 15718K, capacity 18530K, committed 18636K, reserved 1048576K
Event: 10925.971 GC heap after
Heap after GC invocations=96 (full 5):
 PSYoungGen      total 457216K, used 5368K [0x00000007a0000000, 0x00000007c0000000, 0x00000007c0000000)
  eden space 390144K, 0% used [0x00000007a0000000,0x00000007a0000000,0x00000007b7d00000)
  from space 67072K, 8% used [0x00000007b7d00000,0x00000007b823e120,0x00000007bbe80000)
  to   space 65024K, 0% used [0x00000007bc080000,0x00000007bc080000,0x00000007c0000000)
 ParOldGen       total 327168K, used 310830K [0x0000000760000000, 0x0000000773f80000, 0x00000007a0000000)
  object space 327168K, 95% used [0x0000000760000000,0x0000000772f8b8a0,0x0000000773f80000)
 Metaspace       used 127391K, capacity 140064K, committed 140236K, reserved 1171456K
  class space    used 15718K, capacity 18530K, committed 18636K, reserved 1048576K
}
Event: 10926.586 GC heap before
{Heap before GC invocations=97 (full 5):
 PSYoungGen      total 457216K, used 395509K [0x00000007a0000000, 0x00000007c0000000, 0x00000007c0000000)
  eden space 390144K, 99% used [0x00000007a0000000,0x00000007b7cff520,0x00000007b7d00000)
  from space 67072K, 8% used [0x00000007b7d00000,0x00000007b823e120,0x00000007bbe80000)
  to   space 65024K, 0% used [0x00000007bc080000,0x00000007bc080000,0x00000007c0000000)
 ParOldGen       total 327168K, used 310830K [0x0000000760000000, 0x0000000773f80000, 0x00000007a0000000)
  object space 327168K, 95% used [0x0000000760000000,0x0000000772f8b8a0,0x0000000773f80000)
 Metaspace       used 127397K, capacity 140068K, committed 140236K, reserved 1171456K
  class space    used 15718K, capacity 18530K, committed 18636K, reserved 1048576K
Event: 10926.596 GC heap after
Heap after GC invocations=97 (full 5):
 PSYoungGen      total 451072K, used 1967K [0x00000007a0000000, 0x00000007bfa00000, 0x00000007c0000000)
  eden space 392192K, 0% used [0x00000007a0000000,0x00000007a0000000,0x00000007b7f00000)
  from space 58880K, 3% used [0x00000007bc080000,0x00000007bc26bd28,0x00000007bfa00000)
  to   space 62976K, 0% used [0x00000007b7f00000,0x00000007b7f00000,0x00000007bbc80000)
 ParOldGen       total 327168K, used 311174K [0x0000000760000000, 0x0000000773f80000, 0x00000007a0000000)
  object space 327168K, 95% used [0x0000000760000000,0x0000000772fe1950,0x0000000773f80000)
 Metaspace       used 127397K, capacity 140068K, committed 140236K, reserved 1171456K
  class space    used 15718K, capacity 18530K, committed 18636K, reserved 1048576K
}
Event: 11357.190 GC heap before
{Heap before GC invocations=98 (full 5):
 PSYoungGen      total 451072K, used 394159K [0x00000007a0000000, 0x00000007bfa00000, 0x00000007c0000000)
  eden space 392192K, 100% used [0x00000007a0000000,0x00000007b7f00000,0x00000007b7f00000)
  from space 58880K, 3% used [0x00000007bc080000,0x00000007bc26bd28,0x00000007bfa00000)
  to   space 62976K, 0% used [0x00000007b7f00000,0x00000007b7f00000,0x00000007bbc80000)
 ParOldGen       total 327168K, used 311174K [0x0000000760000000, 0x0000000773f80000, 0x00000007a0000000)
  object space 327168K, 95% used [0x0000000760000000,0x0000000772fe1950,0x0000000773f80000)
 Metaspace       used 127509K, capacity 140332K, committed 140492K, reserved 1171456K
  class space    used 15731K, capacity 18572K, committed 18636K, reserved 1048576K
Event: 11357.475 GC heap after
Heap after GC invocations=98 (full 5):
 PSYoungGen      total 455168K, used 62962K [0x00000007a0000000, 0x00000007c0000000, 0x00000007c0000000)
  eden space 392192K, 0% used [0x00000007a0000000,0x00000007a0000000,0x00000007b7f00000)
  from space 62976K, 99% used [0x00000007b7f00000,0x00000007bbc7c9d8,0x00000007bbc80000)
  to   space 69120K, 0% used [0x00000007bbc80000,0x00000007bbc80000,0x00000007c0000000)
 ParOldGen       total 327168K, used 318408K [0x0000000760000000, 0x0000000773f80000, 0x00000007a0000000)
  object space 327168K, 97% used [0x0000000760000000,0x00000007736f20b0,0x0000000773f80000)
 Metaspace       used 127509K, capacity 140332K, committed 140492K, reserved 1171456K
  class space    used 15731K, capacity 18572K, committed 18636K, reserved 1048576K
}
Event: 11357.475 GC heap before
{Heap before GC invocations=99 (full 6):
 PSYoungGen      total 455168K, used 62962K [0x00000007a0000000, 0x00000007c0000000, 0x00000007c0000000)
  eden space 392192K, 0% used [0x00000007a0000000,0x00000007a0000000,0x00000007b7f00000)
  from space 62976K, 99% used [0x00000007b7f00000,0x00000007bbc7c9d8,0x00000007bbc80000)
  to   space 69120K, 0% used [0x00000007bbc80000,0x00000007bbc80000,0x00000007c0000000)
 ParOldGen       total 327168K, used 318408K [0x0000000760000000, 0x0000000773f80000, 0x00000007a0000000)
  object space 327168K, 97% used [0x0000000760000000,0x00000007736f20b0,0x0000000773f80000)
 Metaspace       used 127509K, capacity 140332K, committed 140492K, reserved 1171456K
  class space    used 15731K, capacity 18572K, committed 18636K, reserved 1048576K

